<?xml version="1.0" encoding="UTF-8" ?>
<testsuite failures="0" time="0.013" errors="0" skipped="0" tests="25" name="org.apache.commons.cli.PosixParserTest">
  <properties>
[...]
</properties>
  <testcase time="0" classname="org.apache.commons.cli.PosixParserTest" name="testShortWithEqual"/>
  <testcase time="0" classname="org.apache.commons.cli.PosixParserTest" name="testLongWithEqualSingleDash"/>
  <testcase time="0.003" classname="org.apache.commons.cli.PosixParserTest" name="testBursting"/>
  <testcase time="0" classname="org.apache.commons.cli.PosixParserTest" name="testUnrecognizedOptionWithBursting"/>
  <testcase time="0" classname="org.apache.commons.cli.PosixParserTest" name="testMissingArgWithBursting"/>
  <testcase time="0" classname="org.apache.commons.cli.PosixParserTest" name="testStopBursting"/>
  <testcase time="0" classname="org.apache.commons.cli.PosixParserTest" name="testStopBursting2"/>
  <testcase time="0.001" classname="org.apache.commons.cli.PosixParserTest" name="testLongOptionWithShort"/>
  <testcase time="0" classname="org.apache.commons.cli.PosixParserTest" name="testPropertiesOption"/>
  <testcase time="0" classname="org.apache.commons.cli.PosixParserTest" name="testShortWithoutEqual"/>
  <testcase time="0" classname="org.apache.commons.cli.PosixParserTest" name="testLongWithEqual"/>
  <testcase time="0" classname="org.apache.commons.cli.PosixParserTest" name="testSimpleShort"/>
  <testcase time="0" classname="org.apache.commons.cli.PosixParserTest" name="testSimpleLong"/>
  <testcase time="0" classname="org.apache.commons.cli.PosixParserTest" name="testMultiple"/>
  <testcase time="0" classname="org.apache.commons.cli.PosixParserTest" name="testMultipleWithLong"/>
  <testcase time="0" classname="org.apache.commons.cli.PosixParserTest" name="testUnrecognizedOption"/>
  <testcase time="0" classname="org.apache.commons.cli.PosixParserTest" name="testMissingArg"/>
  <testcase time="0" classname="org.apache.commons.cli.PosixParserTest" name="testDoubleDash"/>
  <testcase time="0" classname="org.apache.commons.cli.PosixParserTest" name="testSingleDash"/>
  <testcase time="0" classname="org.apache.commons.cli.PosixParserTest" name="testStopAtUnexpectedArg"/>
  <testcase time="0" classname="org.apache.commons.cli.PosixParserTest" name="testStopAtExpectedArg"/>
  <testcase time="0" classname="org.apache.commons.cli.PosixParserTest" name="testStopAtNonOptionShort"/>
  <testcase time="0" classname="org.apache.commons.cli.PosixParserTest" name="testStopAtNonOptionLong"/>
  <testcase time="0.004" classname="org.apache.commons.cli.PosixParserTest" name="testNegativeArgument"/>
  <testcase time="0" classname="org.apache.commons.cli.PosixParserTest" name="testArgumentStartingWithHyphen"/>
</testsuite>